C:\GIT_WORKSPACE\MY2048\DEBUG\AUTO2048.OBJ
C:\GIT_WORKSPACE\MY2048\DEBUG\MAIN.OBJ
C:\GIT_WORKSPACE\MY2048\DEBUG\MY2048.OBJ
C:\GIT_WORKSPACE\MY2048\DEBUG\VC110.PDB
C:\GIT_WORKSPACE\MY2048\DEBUG\MY2048.ILK
C:\GIT_WORKSPACE\MY2048\DEBUG\MY2048.EXE
C:\GIT_WORKSPACE\MY2048\DEBUG\MY2048.PDB
C:\git_workspace\my2048\Debug\auto2048.obj
C:\git_workspace\my2048\Debug\main.obj
C:\git_workspace\my2048\Debug\my2048.obj
C:\git_workspace\my2048\Debug\my2048.ilk
C:\git_workspace\my2048\Debug\cl.command.1.tlog
C:\git_workspace\my2048\Debug\CL.read.1.tlog
C:\git_workspace\my2048\Debug\CL.write.1.tlog
C:\git_workspace\my2048\Debug\link-cvtres.read.1.tlog
C:\git_workspace\my2048\Debug\link-cvtres.write.1.tlog
C:\git_workspace\my2048\Debug\link-rc.read.1.tlog
C:\git_workspace\my2048\Debug\link-rc.write.1.tlog
C:\git_workspace\my2048\Debug\link.7496-cvtres.read.1.tlog
C:\git_workspace\my2048\Debug\link.7496-cvtres.write.1.tlog
C:\git_workspace\my2048\Debug\link.7496-rc.read.1.tlog
C:\git_workspace\my2048\Debug\link.7496-rc.write.1.tlog
C:\git_workspace\my2048\Debug\link.7496.read.1.tlog
C:\git_workspace\my2048\Debug\link.7496.write.1.tlog
C:\git_workspace\my2048\Debug\link.command.1.tlog
C:\git_workspace\my2048\Debug\link.read.1.tlog
C:\git_workspace\my2048\Debug\link.write.1.tlog
C:\git_workspace\my2048\Debug\vc110.idb
C:\git_workspace\my2048\Debug\my2048.pdb
C:\git_workspace\my2048\Debug\vc110.pdb
C:\git_workspace\my2048\Debug\my2048.exe
